nohup: ignoring input
── Attaching core tidyverse packages ──────────────────────── tidyverse 2.0.0 ──
✔ dplyr     1.1.4     ✔ readr     2.1.6
✔ forcats   1.0.1     ✔ stringr   1.6.0
✔ ggplot2   4.0.1     ✔ tibble    3.3.1
✔ lubridate 1.9.4     ✔ tidyr     1.3.2
✔ purrr     1.2.1     
── Conflicts ────────────────────────────────────────── tidyverse_conflicts() ──
✖ dplyr::filter() masks stats::filter()
✖ dplyr::lag()    masks stats::lag()
ℹ Use the conflicted package (<http://conflicted.r-lib.org/>) to force all conflicts to become errors
Attaching SeuratObject
Loading required package: Rcpp
Loading required package: data.table

Attaching package: ‘data.table’

The following objects are masked from ‘package:lubridate’:

    hour, isoweek, isoyear, mday, minute, month, quarter, second, wday,
    week, yday, year

The following objects are masked from ‘package:dplyr’:

    between, first, last

The following object is masked from ‘package:purrr’:

    transpose

Loading required package: S4Vectors
Loading required package: stats4
Loading required package: BiocGenerics

Attaching package: ‘BiocGenerics’

The following objects are masked from ‘package:lubridate’:

    intersect, setdiff, union

The following objects are masked from ‘package:dplyr’:

    combine, intersect, setdiff, union

The following objects are masked from ‘package:stats’:

    IQR, mad, sd, var, xtabs

The following objects are masked from ‘package:base’:

    anyDuplicated, aperm, append, as.data.frame, basename, cbind,
    colnames, dirname, do.call, duplicated, eval, evalq, Filter, Find,
    get, grep, grepl, intersect, is.unsorted, lapply, Map, mapply,
    match, mget, order, paste, pmax, pmax.int, pmin, pmin.int,
    Position, rank, rbind, Reduce, rownames, sapply, saveRDS, setdiff,
    table, tapply, union, unique, unsplit, which.max, which.min


Attaching package: ‘S4Vectors’

The following objects are masked from ‘package:data.table’:

    first, second

The following objects are masked from ‘package:lubridate’:

    second, second<-

The following objects are masked from ‘package:dplyr’:

    first, rename

The following object is masked from ‘package:tidyr’:

    expand

The following object is masked from ‘package:utils’:

    findMatches

The following objects are masked from ‘package:base’:

    expand.grid, I, unname

Loading required package: IRanges

Attaching package: ‘IRanges’

The following object is masked from ‘package:data.table’:

    shift

The following object is masked from ‘package:lubridate’:

    %within%

The following objects are masked from ‘package:dplyr’:

    collapse, desc, slice

The following object is masked from ‘package:purrr’:

    reduce

Loading required package: GenomicRanges
Loading required package: GenomeInfoDb
Loading required package: SummarizedExperiment
Loading required package: MatrixGenerics
Loading required package: matrixStats

Attaching package: ‘matrixStats’

The following object is masked from ‘package:dplyr’:

    count


Attaching package: ‘MatrixGenerics’

The following objects are masked from ‘package:matrixStats’:

    colAlls, colAnyNAs, colAnys, colAvgsPerRowSet, colCollapse,
    colCounts, colCummaxs, colCummins, colCumprods, colCumsums,
    colDiffs, colIQRDiffs, colIQRs, colLogSumExps, colMadDiffs,
    colMads, colMaxs, colMeans2, colMedians, colMins, colOrderStats,
    colProds, colQuantiles, colRanges, colRanks, colSdDiffs, colSds,
    colSums2, colTabulates, colVarDiffs, colVars, colWeightedMads,
    colWeightedMeans, colWeightedMedians, colWeightedSds,
    colWeightedVars, rowAlls, rowAnyNAs, rowAnys, rowAvgsPerColSet,
    rowCollapse, rowCounts, rowCummaxs, rowCummins, rowCumprods,
    rowCumsums, rowDiffs, rowIQRDiffs, rowIQRs, rowLogSumExps,
    rowMadDiffs, rowMads, rowMaxs, rowMeans2, rowMedians, rowMins,
    rowOrderStats, rowProds, rowQuantiles, rowRanges, rowRanks,
    rowSdDiffs, rowSds, rowSums2, rowTabulates, rowVarDiffs, rowVars,
    rowWeightedMads, rowWeightedMeans, rowWeightedMedians,
    rowWeightedSds, rowWeightedVars

Loading required package: Biobase
Welcome to Bioconductor

    Vignettes contain introductory material; view with
    'browseVignettes()'. To cite Bioconductor, see
    'citation("Biobase")', and for packages 'citation("pkgname")'.


Attaching package: ‘Biobase’

The following object is masked from ‘package:MatrixGenerics’:

    rowMedians

The following objects are masked from ‘package:matrixStats’:

    anyMissing, rowMedians


Attaching package: ‘SummarizedExperiment’

The following object is masked from ‘package:SeuratObject’:

    Assays

The following object is masked from ‘package:Seurat’:

    Assays


Registered S3 methods overwritten by 'DOSE':
  method                     from    
  $.enrichResult             enrichit
  $.gseaResult               enrichit
  [.enrichResult             enrichit
  [.gseaResult               enrichit
  [[.enrichResult            enrichit
  [[.gseaResult              enrichit
  as.data.frame.enrichResult enrichit
  as.data.frame.gseaResult   enrichit
  dim.enrichResult           enrichit
  dim.gseaResult             enrichit
  head.enrichResult          enrichit
  head.gseaResult            enrichit
  tail.enrichResult          enrichit
  tail.gseaResult            enrichit
clusterProfiler v4.19.4.008 Learn more at https://yulab-smu.top/contribution-knowledge-mining/

Please cite:

Guangchuang Yu, Li-Gen Wang, Yanyan Han and Qing-Yu He.
clusterProfiler: an R package for comparing biological themes among
gene clusters. OMICS: A Journal of Integrative Biology. 2012,
16(5):284-287

Attaching package: ‘clusterProfiler’

The following object is masked from ‘package:IRanges’:

    slice

The following object is masked from ‘package:S4Vectors’:

    rename

The following object is masked from ‘package:purrr’:

    simplify

The following object is masked from ‘package:stats’:

    filter

Loading required package: AnnotationDbi

Attaching package: ‘AnnotationDbi’

The following object is masked from ‘package:clusterProfiler’:

    select

The following object is masked from ‘package:dplyr’:

    select


====================
This is version 1.6.2 of SCPA
For SCPA tutorials and latest version: https://jackbibby1.github.io/SCPA/
For the SCPA GitHub page: https://github.com/jackbibby1/SCPA
If you use SCPA, please cite: Bibby JA. et al. Cell Rep. 2022
====================

Extracting cells where major_celltype_treat == Tumor_Cells_High_ERScore
Extracting data from the RNA assay
Warning message:
In asMethod(object) :
  sparse->dense coercion: allocating vector of size 7.3 GiB
Extracting cells where major_celltype_treat == Tumor_Cells_Low_ERScore
Extracting data from the RNA assay
Warning message:
In asMethod(object) :
  sparse->dense coercion: allocating vector of size 3.5 GiB
Processing in parallel using 50 cores

Cell numbers in population 1 = 18920
Cell numbers in population 2 = 9199
- If greater than Inf cells, these populations will be downsampled

All 36 pathways passed the min/max genes threshold

Calculating pathway fold changes...

Performing a two-sample analysis with SCPA...
